c:\cygwin\home\daniel\c++\deepwinkelman2\deepwinkelman2\debug\vc140.pdb
c:\cygwin\home\daniel\c++\deepwinkelman2\deepwinkelman2\debug\vc140.idb
c:\cygwin\home\daniel\c++\deepwinkelman2\deepwinkelman2\debug\dw.obj
c:\cygwin\home\daniel\c++\deepwinkelman2\deepwinkelman2\debug\movelist.obj
c:\cygwin\home\daniel\c++\deepwinkelman2\deepwinkelman2\debug\movetable_h.obj
c:\cygwin\home\daniel\c++\deepwinkelman2\deepwinkelman2\debug\stdafx.obj
c:\cygwin\home\daniel\c++\deepwinkelman2\deepwinkelman2\debug\collisiontable.obj
c:\cygwin\home\daniel\c++\deepwinkelman2\deepwinkelman2\debug\coord.obj
c:\cygwin\home\daniel\c++\deepwinkelman2\deepwinkelman2\debug\movetable_v.obj
c:\cygwin\home\daniel\c++\deepwinkelman2\deepwinkelman2\debug\movetable_d1.obj
c:\cygwin\home\daniel\c++\deepwinkelman2\deepwinkelman2\debug\movetable_d2.obj
c:\cygwin\home\daniel\c++\deepwinkelman2\deepwinkelman2\debug\movetable_n.obj
c:\cygwin\home\daniel\c++\deepwinkelman2\deepwinkelman2\debug\movetable_k.obj
c:\cygwin\home\daniel\c++\deepwinkelman2\deepwinkelman2\debug\bitboard.obj
c:\cygwin\home\daniel\c++\deepwinkelman2\deepwinkelman2\debug\print.obj
c:\cygwin\home\daniel\c++\deepwinkelman2\deepwinkelman2\debug\make.obj
c:\cygwin\home\daniel\c++\deepwinkelman2\deepwinkelman2\debug\movetable_wp.obj
c:\cygwin\home\daniel\c++\deepwinkelman2\deepwinkelman2\debug\deepwinkelman2.ilk
c:\cygwin\home\daniel\c++\deepwinkelman2\deepwinkelman2\debug\deepwinkelman2.exe
c:\cygwin\home\daniel\c++\deepwinkelman2\deepwinkelman2\debug\deepwinkelman2.pdb
c:\cygwin\home\daniel\c++\deepwinkelman2\deepwinkelman2\debug\dw.obj.enc
c:\cygwin\home\daniel\c++\deepwinkelman2\deepwinkelman2\debug\movetable_d1.obj.enc
c:\cygwin\home\daniel\c++\deepwinkelman2\deepwinkelman2\debug\movetable_d2.obj.enc
c:\cygwin\home\daniel\c++\deepwinkelman2\deepwinkelman2\debug\movetable_h.obj.enc
c:\cygwin\home\daniel\c++\deepwinkelman2\deepwinkelman2\debug\movetable_k.obj.enc
c:\cygwin\home\daniel\c++\deepwinkelman2\deepwinkelman2\debug\movetable_n.obj.enc
c:\cygwin\home\daniel\c++\deepwinkelman2\deepwinkelman2\debug\movetable_v.obj.enc
c:\cygwin\home\daniel\c++\deepwinkelman2\deepwinkelman2\debug\deepwinkelman2.tlog\cl.command.1.tlog
c:\cygwin\home\daniel\c++\deepwinkelman2\deepwinkelman2\debug\deepwinkelman2.tlog\cl.read.1.tlog
c:\cygwin\home\daniel\c++\deepwinkelman2\deepwinkelman2\debug\deepwinkelman2.tlog\cl.write.1.tlog
c:\cygwin\home\daniel\c++\deepwinkelman2\deepwinkelman2\debug\deepwinkelman2.tlog\link.command.1.tlog
c:\cygwin\home\daniel\c++\deepwinkelman2\deepwinkelman2\debug\deepwinkelman2.tlog\link.read.1.tlog
c:\cygwin\home\daniel\c++\deepwinkelman2\deepwinkelman2\debug\deepwinkelman2.tlog\link.write.1.tlog
